<?xml version="1.0" encoding="UTF-8"?>
<!-- Generated by org.testng.reporters.JUnitReportReporter -->
<testsuite hostname="DESKTOP-GSB1S88" failures="0" tests="1" name="TestNGReportDemo.TestNGReportExample" time="39.137" errors="0" timestamp="2022-07-26T15:45:37 IST" skipped="0">
  <testcase classname="TestNGReportDemo.TestNGReportExample" name="contactForm" time="39.137"/>
  <system-out>
    <![CDATA[Chrome browser opened.
website opened.
form fill complete.]]>
  </system-out>
</testsuite> <!-- TestNGReportDemo.TestNGReportExample -->
