<?xml version="1.0" encoding="UTF-8"?>
<!-- Generated by org.testng.reporters.JUnitReportReporter -->
<testsuite hostname="DESKTOP-GSB1S88" failures="0" tests="2" name="BatchTesting.LoginTest" time="0.022" errors="0" timestamp="2022-07-23T16:55:30 IST" skipped="0">
  <testcase classname="BatchTesting.LoginTest" name="LoginByEmail" time="0.019"/>
  <system-out/>
  <testcase classname="BatchTesting.LoginTest" name="LoginByMobileNumber" time="0.003"/>
  <system-out/>
</testsuite> <!-- BatchTesting.LoginTest -->
