<?xml version="1.0" encoding="UTF-8"?>
<!-- Generated by org.testng.reporters.JUnitReportReporter -->
<testsuite hostname="DESKTOP-GSB1S88" failures="0" tests="3" name="BatchTesting.ProductPageTest" time="0.017" errors="0" timestamp="2022-07-23T16:55:30 IST" skipped="0">
  <testcase classname="BatchTesting.ProductPageTest" name="AddProductToCart" time="0.005"/>
  <system-out/>
  <testcase classname="BatchTesting.ProductPageTest" name="SelectQuantity" time="0.008"/>
  <system-out/>
  <testcase classname="BatchTesting.ProductPageTest" name="AddProductToWishList" time="0.004"/>
  <system-out/>
</testsuite> <!-- BatchTesting.ProductPageTest -->
