<?xml version="1.0" encoding="UTF-8"?>
<!-- Generated by org.testng.reporters.JUnitReportReporter -->
<testsuite hostname="DESKTOP-GSB1S88" failures="0" tests="3" name="demo.mavenproject.TestNGDemo" time="6.355" errors="0" timestamp="2022-07-22T17:12:22 IST" skipped="0">
  <testcase classname="demo.mavenproject.TestNGDemo" name="varifyPageTitle" time="6.330"/>
  <system-out/>
  <testcase classname="demo.mavenproject.TestNGDemo" name="test2" time="0.004"/>
  <system-out/>
  <testcase classname="demo.mavenproject.TestNGDemo" name="test1" time="0.021"/>
  <system-out/>
</testsuite> <!-- demo.mavenproject.TestNGDemo -->
