<?xml version="1.0" encoding="UTF-8"?>
<!-- Generated by org.testng.reporters.JUnitReportReporter -->
<testsuite hostname="DESKTOP-GSB1S88" failures="0" tests="1" name="HeadLessBrowserDemo.ChromeHeadLessBrowserTesting" time="46.004" errors="0" timestamp="2022-07-26T14:34:55 IST" skipped="0">
  <testcase classname="HeadLessBrowserDemo.ChromeHeadLessBrowserTesting" name="signup" time="46.004"/>
  <system-out/>
</testsuite> <!-- HeadLessBrowserDemo.ChromeHeadLessBrowserTesting -->
