<?xml version="1.0" encoding="UTF-8"?>
<!-- Generated by org.testng.reporters.JUnitReportReporter -->
<testsuite hostname="DESKTOP-GSB1S88" failures="0" tests="2" name="demo.mavenproject.ParallerTestingDemo" time="15.316" errors="0" timestamp="2022-07-23T12:48:17 IST" skipped="0">
  <testcase classname="demo.mavenproject.ParallerTestingDemo" name="veryfyLogo" time="7.804"/>
  <system-out/>
  <testcase classname="demo.mavenproject.ParallerTestingDemo" name="veryfyTitle" time="7.512"/>
  <system-out/>
</testsuite> <!-- demo.mavenproject.ParallerTestingDemo -->
