<?xml version="1.0" encoding="UTF-8"?>
<!-- Generated by org.testng.reporters.JUnitReportReporter -->
<testsuite hostname="DESKTOP-GSB1S88" failures="0" tests="4" name="demo.mavenproject.TestNGParameterDemo" time="0.035" errors="0" timestamp="2022-07-23T10:39:15 IST" skipped="0">
  <testcase classname="demo.mavenproject.TestNGParameterDemo" name="Name" time="0.020"/>
  <system-out/>
  <testcase classname="demo.mavenproject.TestNGParameterDemo" name="add" time="0.008"/>
  <system-out/>
  <testcase classname="demo.mavenproject.TestNGParameterDemo" name="multiply" time="0.004"/>
  <system-out/>
  <testcase classname="demo.mavenproject.TestNGParameterDemo" name="substraction" time="0.003"/>
  <system-out/>
</testsuite> <!-- demo.mavenproject.TestNGParameterDemo -->
