<?xml version="1.0" encoding="UTF-8"?>
<!-- Generated by org.testng.reporters.JUnitReportReporter -->
<testsuite hostname="DESKTOP-GSB1S88" failures="0" tests="8" name="demo.mavenproject.InvocationCountDemo" time="0.070" errors="0" timestamp="2022-07-23T17:31:43 IST" skipped="0">
  <testcase classname="demo.mavenproject.InvocationCountDemo" name="test1" time="0.008"/>
  <system-out/>
  <testcase classname="demo.mavenproject.InvocationCountDemo" name="test2" time="0.009"/>
  <system-out/>
  <testcase classname="demo.mavenproject.InvocationCountDemo" name="test2" time="0.007"/>
  <system-out/>
  <testcase classname="demo.mavenproject.InvocationCountDemo" name="test1" time="0.008"/>
  <system-out/>
  <testcase classname="demo.mavenproject.InvocationCountDemo" name="test2" time="0.008"/>
  <system-out/>
  <testcase classname="demo.mavenproject.InvocationCountDemo" name="test1" time="0.004"/>
  <system-out/>
  <testcase classname="demo.mavenproject.InvocationCountDemo" name="test1" time="0.018"/>
  <system-out/>
  <testcase classname="demo.mavenproject.InvocationCountDemo" name="test1" time="0.008"/>
  <system-out/>
</testsuite> <!-- demo.mavenproject.InvocationCountDemo -->
