<?xml version="1.0" encoding="UTF-8"?>
<!-- Generated by org.testng.reporters.JUnitReportReporter -->
<testsuite hostname="DESKTOP-GSB1S88" failures="0" tests="3" name="BatchTesting.HomeScreenTest" time="0.012" errors="0" timestamp="2022-07-23T16:55:30 IST" skipped="0">
  <testcase classname="BatchTesting.HomeScreenTest" name="Varifylogo" time="0.005"/>
  <system-out/>
  <testcase classname="BatchTesting.HomeScreenTest" name="VarifyTitle" time="0.004"/>
  <system-out/>
  <testcase classname="BatchTesting.HomeScreenTest" name="LaucnchApplication" time="0.003"/>
  <system-out/>
</testsuite> <!-- BatchTesting.HomeScreenTest -->
