<?xml version="1.0" encoding="UTF-8"?>
<!-- Generated by org.testng.reporters.JUnitReportReporter -->
<testsuite hostname="DESKTOP-GSB1S88" failures="0" tests="2" name="BatchTesting.PaymentTest" time="0.009" errors="0" timestamp="2022-07-23T16:55:30 IST" skipped="0">
  <testcase classname="BatchTesting.PaymentTest" name="CashOnDelivery" time="0.006"/>
  <system-out/>
  <testcase classname="BatchTesting.PaymentTest" name="NetBanking" time="0.003"/>
  <system-out/>
</testsuite> <!-- BatchTesting.PaymentTest -->
