<?xml version="1.0" encoding="UTF-8"?>
<!-- Generated by org.testng.reporters.JUnitReportReporter -->
<testsuite hostname="DESKTOP-GSB1S88" failures="0" tests="2" name="demo.mavenproject.AnnotationsDemo" time="0.017" errors="0" timestamp="2022-07-22T17:24:58 IST" skipped="0">
  <testcase classname="demo.mavenproject.AnnotationsDemo" name="test1" time="0.013"/>
  <system-out/>
  <testcase classname="demo.mavenproject.AnnotationsDemo" name="test2" time="0.004"/>
  <system-out/>
</testsuite> <!-- demo.mavenproject.AnnotationsDemo -->
